-------------------------------------------------------------------------------
Test set: Parallel01IT
-------------------------------------------------------------------------------
Tests run: 1, Failures: 1, Errors: 0, Skipped: 0, Time elapsed: 0.785 s <<< FAILURE! - in Parallel01IT
feature(Parallel01IT)  Time elapsed: 0.14 s  <<< FAILURE!
cucumber.runtime.CucumberException: java.lang.Exception: Policy Rule:1008  is not matching in row numbers: 453,
Caused by: java.lang.Exception: Policy Rule:1008  is not matching in row numbers: 453,

