-------------------------------------------------------------------------------
Test set: Parallel03IT
-------------------------------------------------------------------------------
Tests run: 1, Failures: 1, Errors: 0, Skipped: 0, Time elapsed: 0.861 s <<< FAILURE! - in Parallel03IT
feature(Parallel03IT)  Time elapsed: 0.185 s  <<< FAILURE!
cucumber.runtime.CucumberException: java.lang.Exception: Policy Rule:1008  is not matching in row numbers: 453,
Caused by: java.lang.Exception: Policy Rule:1008  is not matching in row numbers: 453,

